2025-08-15 00:37:22,707 - pyswarms.single.global_best - INFO - Optimize for 25 iters with {'w': 0.9, 'c1': 1.5, 'c2': 2.5}
2025-08-15 00:38:07,410 - pyswarms.single.global_best - INFO - Optimization finished | best cost: 0.4485898356316499, best pos: [6.13758048e-01 9.88800563e+02 5.61590023e+02 3.87236766e-01
 6.65437757e+01 4.16689016e+00 2.26292424e+00 4.24379381e+00
 4.64392702e+00 8.00238008e+02 3.99008789e+02 9.65112355e-01
 3.02341445e+02 2.89520553e+00 9.67136277e+00 1.69189876e+00]
2025-08-15 00:38:12,106 - pyswarms.single.global_best - INFO - Optimize for 25 iters with {'w': 0.9, 'c1': 1.5, 'c2': 2.5}
2025-08-15 00:38:41,242 - pyswarms.single.global_best - INFO - Optimization finished | best cost: 0.4443657385305936, best pos: [1.51488397e+00 1.04256744e+02 4.08132728e+02 3.05475971e-01
 2.43181104e+02 6.62854868e+00 5.40153722e+00 8.95174162e+00
 4.55689666e+00 6.81907151e+02 1.97695835e+02 9.98337047e-01
 2.10998592e+02 9.50935920e+00 2.39899517e+00 3.64191909e+00]
2025-08-15 00:38:46,378 - pyswarms.single.global_best - INFO - Optimize for 25 iters with {'w': 0.9, 'c1': 1.5, 'c2': 2.5}
2025-08-15 00:39:26,434 - pyswarms.single.global_best - INFO - Optimization finished | best cost: 0.4025690220556204, best pos: [1.16476528e+00 4.88830213e+02 5.84059380e+02 5.78622372e-01
 1.19666600e+02 4.27101395e+00 3.99203796e+00 3.54963873e+00
 4.84167884e+00 5.00909323e+02 5.88060530e+02 5.03778349e-01
 2.01117961e+02 8.63510899e+00 4.22919366e+00 1.58392707e+00]
2025-08-15 00:39:30,943 - pyswarms.single.global_best - INFO - Optimize for 25 iters with {'w': 0.9, 'c1': 1.5, 'c2': 2.5}
2025-08-15 00:40:23,857 - pyswarms.single.global_best - INFO - Optimization finished | best cost: 0.44700375080619836, best pos: [4.63529712e+00 2.16822248e+02 8.98069677e+02 9.79879725e-01
 1.04187866e+02 4.86303821e+00 5.97215176e+00 5.77639859e+00
 2.02754137e+00 9.09759892e+02 6.77743282e+02 5.60870730e-01
 4.05961527e+01 9.19361291e+00 3.75474172e+00 3.45367806e+00]
2025-08-15 00:40:28,088 - pyswarms.single.global_best - INFO - Optimize for 25 iters with {'w': 0.9, 'c1': 1.5, 'c2': 2.5}
2025-08-15 00:41:19,205 - pyswarms.single.global_best - INFO - Optimization finished | best cost: 0.39389948760786386, best pos: [4.26259219e+00 9.29180928e+02 7.02911590e+02 7.00749022e-01
 4.77003507e+02 3.34096694e+00 8.39457554e+00 6.22923537e+00
 2.11038231e+00 8.92924503e+02 8.10062276e+02 7.50435663e-01
 4.30256932e+02 6.78447566e+00 9.73734922e+00 1.25016940e+00
 1.12834959e+00 2.80852674e+02 2.58911400e+02 3.57317993e-01
 1.88631799e+02 5.52059512e+00 3.75326420e+00 3.33315049e+00
 1.91577804e+00 7.51993078e+02 9.58515817e+02 2.76766006e-01
 3.63775291e+02 8.28052903e+00 7.97636305e+00 2.95262657e+00
 6.48115076e-01 7.24074727e+02 2.37555161e+02 9.85570122e-01
 1.58242915e+02 9.56044632e+00 8.49755453e+00 8.92646176e+00
 1.73701124e-01 3.31485148e+02 2.10660850e+02 7.57479357e-01
 3.55363724e+02 5.90475144e+00 6.28334262e+00 5.15033325e+00]
2025-08-15 00:41:23,898 - pyswarms.single.global_best - INFO - Optimize for 25 iters with {'w': 0.9, 'c1': 1.5, 'c2': 2.5}
2025-08-15 00:41:57,779 - pyswarms.single.global_best - INFO - Optimization finished | best cost: 0.40168245736879826, best pos: [1.38992851e+00 5.48324688e+02 8.97789225e+02 8.72483742e-01
 2.32673343e+02 5.09267246e+00 2.91052501e+00 5.65923407e+00
 4.71718742e+00 5.75424184e+02 5.34259179e+01 7.64699578e-01
 3.21456343e+02 6.27365427e+00 3.64890108e+00 2.08202498e+00]
2025-08-15 00:42:02,282 - pyswarms.single.global_best - INFO - Optimize for 25 iters with {'w': 0.9, 'c1': 1.5, 'c2': 2.5}
2025-08-15 00:42:30,017 - pyswarms.single.global_best - INFO - Optimization finished | best cost: 0.4532897901897822, best pos: [1.46820796e-01 8.22958464e+02 2.09753027e+02 4.41124414e-01
 4.86755238e+02 4.69472401e+00 3.66840803e+00 9.26387200e+00
 5.53742227e-01 7.59582434e+02 9.88065568e+02 9.11166410e-01
 3.26182291e+02 4.51248636e+00 3.28889783e+00 8.37329594e+00]
2025-08-15 00:42:34,222 - pyswarms.single.global_best - INFO - Optimize for 25 iters with {'w': 0.9, 'c1': 1.5, 'c2': 2.5}
2025-08-15 00:43:03,241 - pyswarms.single.global_best - INFO - Optimization finished | best cost: 0.4761041286173009, best pos: [1.51488397e+00 1.04256744e+02 4.08132728e+02 3.05475971e-01
 2.43181104e+02 6.62854868e+00 5.40153722e+00 8.95174162e+00
 4.55689666e+00 6.81907151e+02 1.97695835e+02 9.98337047e-01
 2.10998592e+02 9.50935920e+00 2.39899517e+00 3.64191909e+00]
2025-08-15 00:43:08,148 - pyswarms.single.global_best - INFO - Optimize for 25 iters with {'w': 0.9, 'c1': 1.5, 'c2': 2.5}
2025-08-15 00:44:12,164 - pyswarms.single.global_best - INFO - Optimization finished | best cost: 0.41922139848946993, best pos: [2.34746927e+00 8.75663418e+02 4.51388999e+01 5.86690219e-01
 4.93733243e+02 8.64068366e+00 7.13086272e+00 8.58733497e+00
 4.71252772e+00 3.31225586e+02 7.13554010e+02 6.81217745e-01
 4.25710067e+02 2.53969849e+00 5.06824132e+00 2.25098827e+00]
2025-08-15 00:44:16,308 - pyswarms.single.global_best - INFO - Optimize for 25 iters with {'w': 0.9, 'c1': 1.5, 'c2': 2.5}
2025-08-15 00:46:15,095 - pyswarms.single.global_best - INFO - Optimization finished | best cost: 0.39584721683274204, best pos: [1.70022979e+00 2.99751198e+02 5.50654199e+02 8.36184799e-01
 2.63962830e+02 7.54622543e+00 9.72818739e+00 6.24875527e+00
 2.15049314e+00 1.94304579e+02 6.76624566e+02 7.43113256e-01
 1.28839661e+02 5.06880749e+00 6.24438066e+00 2.63025471e+00
 3.49295293e+00 8.55826120e+01 5.22795891e+02 4.38178013e-01
 2.97653259e+02 6.47101646e+00 4.00240907e+00 7.26338269e+00
 1.15690257e+00 9.76103259e+02 4.08156546e+02 5.16136699e-01
 3.40392301e+02 4.58766682e+00 2.55897303e+00 8.78082620e+00
 2.36011847e+00 6.39167971e+02 5.78727817e+02 7.41298842e-01
 1.44704893e+02 4.07664671e+00 3.76341593e+00 6.61269029e+00
 7.04495457e-01 6.74922588e+02 5.36888532e+02 8.50328459e-01
 3.37965807e+02 8.16865914e+00 6.06448827e+00 2.64309518e+00
 4.50784234e+00 6.98037215e+02 3.00122764e+02 7.14013510e-01
 3.40475673e+02 4.33913694e+00 3.10791840e+00 2.34780199e+00
 4.36914094e+00 4.55598146e+02 3.29825654e+02 2.30607746e-01
 2.88799480e+02 4.35709858e+00 8.73481954e+00 2.94372710e+00
 4.02531809e+00 5.96858785e+02 3.88782255e+02 4.04754057e-01
 8.55722861e+00 6.86919541e+00 1.95509049e+00 7.88839855e+00]
2025-08-15 00:46:21,615 - pyswarms.single.global_best - INFO - Optimize for 25 iters with {'w': 0.9, 'c1': 1.5, 'c2': 2.5}
2025-08-15 00:47:02,657 - pyswarms.single.global_best - INFO - Optimization finished | best cost: 0.4219047713218509, best pos: [3.16812341e+00 6.69509280e+02 8.23452451e+02 4.69936274e-01
 5.56083834e+01 5.21700670e+00 4.06538529e+00 2.78642466e+00
 4.84897485e+00 4.00515722e+02 8.24205656e+02 8.88338602e-01
 5.90078658e+01 6.26873521e+00 9.61409134e+00 7.71401324e+00]
2025-08-15 00:47:06,962 - pyswarms.single.global_best - INFO - Optimize for 25 iters with {'w': 0.9, 'c1': 1.5, 'c2': 2.5}
2025-08-15 00:47:44,250 - pyswarms.single.global_best - INFO - Optimization finished | best cost: 0.4203976984772092, best pos: [2.46681656e+00 5.65943487e+02 7.24751630e+02 1.14482922e-01
 2.08825708e+02 7.17285512e+00 6.96247784e+00 8.10398813e+00
 4.93573584e+00 3.97589127e+02 6.37859884e+02 8.25942164e-01
 3.99694663e+02 8.24371453e+00 2.96240527e+00 3.58177379e+00]
2025-08-15 00:47:48,836 - pyswarms.single.global_best - INFO - Optimize for 25 iters with {'w': 0.9, 'c1': 1.5, 'c2': 2.5}
2025-08-15 00:48:36,341 - pyswarms.single.global_best - INFO - Optimization finished | best cost: 0.44500536928717427, best pos: [9.85599597e-02 2.69365131e+02 7.42448869e+02 1.28104190e-01
 4.20233821e+02 5.65078248e+00 1.79939921e+00 9.06770053e+00
 2.60211037e+00 8.82223823e+02 2.67930892e+02 7.95785748e-01
 8.72916408e+01 2.35995167e+00 8.60816372e+00 2.79551083e+00
 4.59438075e+00 2.16588588e+02 7.68570191e+02 4.00314128e-01
 4.51350487e+02 9.92466125e+00 8.80503264e+00 2.21982877e+00]
2025-08-15 00:48:40,589 - pyswarms.single.global_best - INFO - Optimize for 25 iters with {'w': 0.9, 'c1': 1.5, 'c2': 2.5}
2025-08-15 00:49:13,314 - pyswarms.single.global_best - INFO - Optimization finished | best cost: 0.41906536797096916, best pos: [4.79683357e+00 2.01149683e+02 7.93460232e+02 5.09712259e-01
 7.15266941e+01 5.30939625e+00 3.49869982e+00 2.06877426e+00
 2.75881112e+00 3.32065123e+02 7.92121726e+02 3.02664872e-01
 2.58976471e+01 3.29618650e+00 8.27952013e+00 6.36190988e+00]
2025-08-15 00:49:17,324 - pyswarms.single.global_best - INFO - Optimize for 25 iters with {'w': 0.9, 'c1': 1.5, 'c2': 2.5}
2025-08-15 00:50:37,823 - pyswarms.single.global_best - INFO - Optimization finished | best cost: 0.39403717066561783, best pos: [4.62228954e-01 8.15625753e+02 2.89857869e+02 2.59621234e-01
 3.63426071e+02 2.90453159e+00 4.98177660e+00 4.44171783e+00
 2.29714738e+00 5.79164959e+02 5.44643651e+01 9.02414536e-01
 2.74199073e+02 6.49956709e+00 7.23426641e+00 2.29010498e+00
 6.33484035e-01 4.56520766e+02 8.15063732e+02 3.99045008e-01
 7.93106533e+01 4.50169175e+00 3.43088639e+00 2.63736695e+00
 4.60208997e+00 3.51779220e+02 5.02554158e+02 6.33739788e-01
 1.71258665e+02 3.39848739e+00 1.39658998e+00 6.11837478e+00
 9.80987205e-01 1.29205820e+02 8.86414889e+02 8.56250442e-01
 1.21418457e+02 6.02614962e+00 4.16141132e+00 5.67247112e+00
 2.20060156e+00 7.97796816e+02 4.47534555e+02 9.57951982e-01
 1.25625149e+02 9.46078375e+00 5.99643724e+00 8.23544096e+00]
2025-08-15 00:50:42,313 - pyswarms.single.global_best - INFO - Optimize for 25 iters with {'w': 0.9, 'c1': 1.5, 'c2': 2.5}
2025-08-15 00:51:31,337 - pyswarms.single.global_best - INFO - Optimization finished | best cost: 0.4347505496098355, best pos: [4.87258656e+00 5.85975189e+02 7.74399395e+02 2.88644353e-01
 1.07003579e+02 4.07363890e+00 6.87508297e+00 1.85064796e+00
 1.10118177e+00 6.30170330e+02 7.45159895e+02 9.50822141e-01
 1.93871409e+02 8.92008980e+00 1.41739022e+00 5.93426756e+00]
2025-08-15 00:51:35,694 - pyswarms.single.global_best - INFO - Optimize for 25 iters with {'w': 0.9, 'c1': 1.5, 'c2': 2.5}
2025-08-15 00:52:24,813 - pyswarms.single.global_best - INFO - Optimization finished | best cost: 0.42989593974451334, best pos: [2.82253140e+00 6.91112602e+02 9.44460784e+02 6.51702219e-01
 2.63442494e+02 8.82338191e+00 7.83099457e+00 5.46290187e+00
 4.57014227e+00 3.45314763e+01 4.09981076e+02 1.13530468e-01
 2.92219109e+02 7.64736693e+00 9.00280012e+00 3.49929270e+00]
2025-08-15 00:52:29,029 - pyswarms.single.global_best - INFO - Optimize for 25 iters with {'w': 0.9, 'c1': 1.5, 'c2': 2.5}
2025-08-15 00:52:58,111 - pyswarms.single.global_best - INFO - Optimization finished | best cost: 0.4380853805588061, best pos: [4.94422492e+00 2.58894291e+02 8.74298234e+02 3.04200229e-01
 9.89072721e+01 2.77852152e+00 2.64747223e+00 1.64423719e+00
 1.94079446e+00 2.47290834e+02 7.98540553e+02 6.32329934e-01
 3.60001832e+02 7.70712733e+00 8.76313142e+00 7.69015350e+00]
2025-08-15 00:53:02,895 - pyswarms.single.global_best - INFO - Optimize for 25 iters with {'w': 0.9, 'c1': 1.5, 'c2': 2.5}
2025-08-15 00:53:29,132 - pyswarms.single.global_best - INFO - Optimization finished | best cost: 0.4453976723241353, best pos: [4.29478343e+00 1.86023081e+02 5.52069409e+02 4.74217751e-01
 3.60107254e+02 4.96929292e+00 8.82786859e+00 7.57446725e+00
 3.23856586e+00 7.96240616e+02 7.54023060e+02 1.32344807e-01
 1.97972443e+02 9.44645838e+00 2.13151842e+00 7.63386895e+00
 4.87295906e+00 5.21987238e+01 6.82193912e+02 5.21338727e-01
 2.90008452e+02 2.68273069e+00 1.38706257e+00 7.00179994e+00]
2025-08-15 00:53:33,440 - pyswarms.single.global_best - INFO - Optimize for 25 iters with {'w': 0.9, 'c1': 1.5, 'c2': 2.5}
2025-08-15 00:55:30,964 - pyswarms.single.global_best - INFO - Optimization finished | best cost: 0.38704405545891374, best pos: [2.11082413e+00 2.28044459e+02 7.74005675e+02 4.75171947e-01
 1.71690927e+02 7.51190242e+00 5.50297307e+00 6.08016781e+00
 1.67564970e+00 8.39494276e+02 7.38119595e+02 7.59476073e-01
 2.85619674e+01 5.89681960e+00 5.01195215e+00 8.51976396e+00
 4.90518168e+00 4.09496286e+02 4.31585780e+02 8.89808890e-01
 2.68529669e+02 2.07296157e+00 6.89460438e+00 1.94447671e+00
 4.30447188e-01 3.07752013e+02 2.37104272e+02 5.18906242e-01
 2.80901131e+02 4.75489242e+00 2.35759595e+00 3.08246814e+00
 2.53888680e+00 2.17635482e+02 8.97502561e+02 9.62747628e-01
 9.07902332e+01 3.39292798e+00 1.69128262e+00 5.88815344e+00
 1.02737737e+00 2.37104696e+02 6.86457960e+02 3.47980991e-01
 1.36731067e+02 5.58597651e+00 8.21379833e+00 6.10852103e+00
 3.58974916e+00 4.10490405e+02 2.22788665e+02 4.61534435e-01
 2.02899842e+01 5.88590362e+00 1.83438332e+00 3.24010389e+00
 2.85585136e+00 8.97968187e+02 7.38825139e+02 9.37490958e-01
 2.10018825e+02 5.76177016e+00 5.41661233e+00 1.36544673e+00
 3.15308426e+00 7.79268058e+02 3.81325830e+02 6.29637939e-01
 3.65130320e+02 7.87986114e+00 8.45386215e+00 6.36616486e+00]
2025-08-15 00:55:36,737 - pyswarms.single.global_best - INFO - Optimize for 25 iters with {'w': 0.9, 'c1': 1.5, 'c2': 2.5}
2025-08-15 00:56:51,824 - pyswarms.single.global_best - INFO - Optimization finished | best cost: 0.44699475506764774, best pos: [3.61904067e+00 1.81013328e+02 7.55491192e+02 9.46885006e-01
 2.97444645e+02 9.66914246e+00 8.55328686e+00 5.09471154e+00
 1.34234060e+00 3.34106433e+02 8.24569170e+02 1.15971999e-01
 4.73594811e+02 9.79792398e+00 5.76817954e+00 3.61294089e+00
 4.71724358e+00 8.26941145e+02 1.16683114e+02 1.63603758e-01
 1.11913886e+02 3.57555199e+00 9.22700124e+00 5.30153411e+00
 4.25717520e+00 4.33896818e+02 5.66819942e+02 9.65804585e-01
 5.78099904e+01 7.87894241e+00 3.24082980e+00 1.43152549e+00
 4.16932610e-02 7.49927456e+02 3.23863491e+01 8.59167927e-01
 4.50278063e+02 8.14777939e+00 1.31719969e+00 7.92787328e+00]
2025-08-15 00:56:55,980 - pyswarms.single.global_best - INFO - Optimize for 25 iters with {'w': 0.9, 'c1': 1.5, 'c2': 2.5}
2025-08-15 00:57:41,180 - pyswarms.single.global_best - INFO - Optimization finished | best cost: 0.43703682139444666, best pos: [2.22444755e+00 8.73455165e+02 6.18500446e+02 5.34341778e-01
 4.58419379e+02 7.96022485e+00 4.53870102e+00 5.54851531e+00
 2.20224826e+00 9.84286014e+02 2.03959074e+01 2.79118405e-01
 1.97977958e+02 4.96447505e+00 6.94620249e+00 9.77424303e+00
 2.88483288e+00 3.32995957e+01 1.72517943e+02 8.22445429e-01
 2.50323373e+02 9.23520518e+00 2.54697829e+00 1.32088808e+00
 3.26424326e+00 6.83039582e+02 9.70228335e+02 3.35425777e-01
 3.88920262e+02 3.49075854e+00 3.37801466e+00 8.95825091e+00
 4.56125504e+00 2.86951576e+02 8.35011407e+02 2.55797978e-01
 1.18141726e+02 8.99209543e+00 2.88743522e+00 7.50723405e+00]
2025-08-15 00:57:45,492 - pyswarms.single.global_best - INFO - Optimize for 25 iters with {'w': 0.9, 'c1': 1.5, 'c2': 2.5}
2025-08-15 00:59:19,254 - pyswarms.single.global_best - INFO - Optimization finished | best cost: 0.43503806222939834, best pos: [1.07472135e+00 3.21047303e+02 7.46865313e+02 4.23860427e-01
 2.41463644e+02 9.63462952e+00 3.48739785e+00 6.13843083e+00
 1.04516937e+00 2.99987218e+02 3.25981063e+02 2.50339659e-01
 1.44051309e+02 9.74372197e+00 4.63776998e+00 4.13589008e+00
 4.10619930e+00 5.08623153e+02 6.14879904e+02 1.99563705e-01
 3.20291101e+02 2.99271406e+00 3.78130343e+00 9.87420128e+00
 4.04018076e+00 5.32567041e+02 3.89827272e+02 9.48945458e-01
 4.99545310e+01 3.48329726e+00 2.66153765e+00 8.61643920e+00
 4.92698926e+00 6.73147728e+02 6.48695592e+02 9.49163144e-01
 1.92694041e+02 5.42668777e+00 3.98556101e+00 4.33929670e+00]
2025-08-15 00:59:23,403 - pyswarms.single.global_best - INFO - Optimize for 25 iters with {'w': 0.9, 'c1': 1.5, 'c2': 2.5}
2025-08-15 01:00:23,563 - pyswarms.single.global_best - INFO - Optimization finished | best cost: 0.45506876303511223, best pos: [3.59104704e+00 3.54837668e+01 1.01067329e+02 6.95192968e-01
 4.52108678e+02 3.61802157e+00 4.98888814e+00 7.60329130e+00
 4.75106984e+00 7.00233152e+02 3.91781720e+02 3.72050832e-01
 4.92504837e+02 4.86638211e+00 4.79159098e+00 3.30298178e+00
 2.90778489e+00 9.71264252e+02 5.80480336e+02 6.47623019e-01
 2.95969983e+02 7.94300335e+00 2.80067241e+00 1.13147856e+00
 9.72096918e-02 2.05839368e+01 3.38163443e+02 7.46984764e-01
 1.02418962e+02 4.03056213e+00 3.18215314e+00 1.17905022e+00
 4.41765572e+00 6.38278381e+02 5.44118088e+02 7.60944412e-01
 2.38927190e+02 8.61459538e+00 4.46123676e+00 7.57540634e+00]
2025-08-15 01:00:27,652 - pyswarms.single.global_best - INFO - Optimize for 25 iters with {'w': 0.9, 'c1': 1.5, 'c2': 2.5}
2025-08-15 01:01:13,519 - pyswarms.single.global_best - INFO - Optimization finished | best cost: 0.4008390061476812, best pos: [2.05523882e+00 3.54551445e+01 5.90894928e+02 5.91395221e-01
 3.22695220e+02 7.52110122e+00 7.51532358e+00 8.07869740e+00
 3.24961073e-01 2.69211718e+02 9.72097104e+02 4.80601035e-01
 3.83218127e+02 4.60339763e+00 7.74292835e+00 5.63464370e+00
 1.25535426e+00 2.75739008e+02 8.19713502e+02 6.35528066e-01
 3.67643680e+02 4.68579206e+00 1.15398835e+00 7.57133285e+00
 1.83288376e+00 8.36398920e+02 4.49916917e+02 7.36516053e-01
 3.47934744e+02 8.57043462e+00 3.47644210e+00 3.63577071e+00
 4.35745669e-01 8.60782814e+02 3.30186138e+02 8.53573009e-01
 8.73475117e+01 7.90181819e+00 6.85507146e+00 9.69102454e+00
 9.44053910e-01 3.19902518e+02 1.49399722e+02 7.58094066e-01
 2.48339677e+02 4.88826439e+00 6.07183848e+00 8.04047516e+00
 1.04230852e+00 2.40984163e+02 2.23675200e+02 9.82774343e-01
 4.01744688e+02 4.12578096e+00 7.08826387e+00 7.54878367e+00
 4.46732210e-01 5.82486330e+02 5.62709474e+02 5.67695317e-01
 4.64022463e+01 9.15806993e+00 9.44284917e+00 3.62300310e+00]
2025-08-15 01:01:17,751 - pyswarms.single.global_best - INFO - Optimize for 25 iters with {'w': 0.9, 'c1': 1.5, 'c2': 2.5}
2025-08-15 01:02:39,539 - pyswarms.single.global_best - INFO - Optimization finished | best cost: 0.4252155903222604, best pos: [2.03666439e+00 3.71046045e+02 1.05750892e+02 9.35789374e-01
 8.81531882e+01 7.29406256e+00 6.66425792e+00 4.27309137e+00
 2.23961743e+00 6.69762624e+02 8.32200426e+02 6.90159716e-01
 2.52042031e+02 2.87223194e+00 8.89053056e+00 2.97549223e+00
 6.61339689e-01 4.64417187e+02 6.70691025e+02 3.28603635e-01
 1.34337945e+02 9.13783631e+00 7.13775093e+00 4.15138945e+00
 1.98985115e+00 3.96363531e+01 8.81607771e+02 2.79383847e-01
 2.96616697e+02 8.74765267e+00 3.62852854e+00 8.57303757e+00
 4.11038685e-01 7.50219491e+02 5.87427384e+02 6.70851710e-01
 3.45994960e+02 4.60605182e+00 5.31887984e+00 4.80968852e+00]
2025-08-15 01:02:43,783 - pyswarms.single.global_best - INFO - Optimize for 25 iters with {'w': 0.9, 'c1': 1.5, 'c2': 2.5}
2025-08-15 01:03:48,461 - pyswarms.single.global_best - INFO - Optimization finished | best cost: 0.46401029469561694, best pos: [3.70997270e+00 6.68193438e+02 4.03728921e+02 2.38677522e-01
 2.74064820e+02 6.62451990e+00 4.77890839e+00 6.83993124e+00
 1.92994740e+00 4.66567646e+02 3.80232429e+02 3.39385493e-01
 9.95414416e+01 9.82329126e+00 4.81529865e+00 9.29159365e+00
 7.06063456e-01 6.82340088e+02 3.67795915e+01 2.46737451e-01
 1.62651647e+02 7.08769633e+00 7.40834520e+00 3.35497998e+00
 2.92486639e-01 1.48731514e+02 3.06586544e+02 3.59188064e-01
 3.34427872e+01 3.92205568e+00 2.98959414e+00 9.10899151e+00
 4.53810286e+00 5.56837719e+02 9.49218996e+02 8.86387133e-01
 4.92690258e+02 8.34715607e+00 7.02595510e+00 2.15592582e+00]
2025-08-15 01:03:52,624 - pyswarms.single.global_best - INFO - Optimize for 25 iters with {'w': 0.9, 'c1': 1.5, 'c2': 2.5}
2025-08-15 01:05:15,014 - pyswarms.single.global_best - INFO - Optimization finished | best cost: 0.45283605937032934, best pos: [2.47959970e+00 6.04898613e+02 8.80047146e+02 2.55209805e-01
 7.36144265e+01 9.29504801e+00 6.31510893e+00 8.40904500e+00
 1.56206701e-02 3.11946350e+02 5.82048731e+02 3.22017127e-01
 1.28619836e+01 2.87068522e+00 4.49112527e+00 7.93114631e+00
 3.53797448e+00 3.55889618e+02 7.13580521e+02 5.23913586e-01
 1.88613302e+02 5.70984207e+00 5.67493242e+00 5.22897073e+00
 3.27141256e+00 7.72749652e+02 3.35226289e+02 2.15415343e-01
 6.68609340e+01 9.85294523e+00 3.86508864e+00 2.23406291e+00
 2.04779291e+00 6.72745263e+02 5.42377768e+02 6.93146011e-01
 4.77698390e+02 3.66761607e+00 3.18186555e+00 5.85511286e+00]
2025-08-15 01:05:19,656 - pyswarms.single.global_best - INFO - Optimize for 25 iters with {'w': 0.9, 'c1': 1.5, 'c2': 2.5}
2025-08-15 01:06:34,464 - pyswarms.single.global_best - INFO - Optimization finished | best cost: 0.41488421626765104, best pos: [4.14117723e+00 9.68521000e+02 4.96465405e+02 5.23045551e-01
 2.90894468e+02 7.06015709e+00 3.15228698e+00 5.87091636e+00
 4.63068719e+00 8.69772148e+02 9.51678424e+01 5.40432996e-01
 2.77138507e+02 2.77695178e+00 1.84490950e+00 9.40198871e+00
 3.95945248e-01 3.05128704e+02 4.81223440e+02 6.75222968e-01
 4.42187901e+02 6.83337797e+00 2.02377764e+00 3.15215189e+00
 6.01693738e-01 6.82707409e+02 8.45583388e+02 9.97621907e-01
 1.90538147e+02 9.83624728e+00 1.91781812e+00 8.28909965e+00
 3.47407496e+00 6.48063758e+02 3.17082305e+02 3.45160851e-01
 2.76792097e+02 5.60526524e+00 2.75001385e+00 2.92653695e+00]
2025-08-15 01:06:38,621 - pyswarms.single.global_best - INFO - Optimize for 25 iters with {'w': 0.9, 'c1': 1.5, 'c2': 2.5}
2025-08-15 01:08:01,125 - pyswarms.single.global_best - INFO - Optimization finished | best cost: 0.444688066972178, best pos: [1.88447829e-01 5.89685787e+02 5.36586796e+02 4.31339174e-01
 3.27554013e+02 5.04017843e+00 9.05051015e+00 1.49454186e+00
 2.34279615e+00 4.29062432e+02 7.73813986e+02 2.45629640e-01
 2.89499544e+02 8.37579438e+00 7.36478954e+00 9.75151552e+00
 2.48036250e+00 4.48402215e+02 6.54370465e+02 7.66906492e-01
 1.99883073e+02 7.71726789e+00 9.76096265e+00 3.38631470e+00
 1.70909598e+00 9.76032362e+02 3.86580792e+02 9.68096316e-01
 2.52194006e+02 9.12979063e+00 4.66235842e+00 4.94825835e+00
 1.91667174e+00 2.46524518e+02 9.67571024e+02 2.88601490e-01
 3.45028691e+02 7.00478840e+00 3.51743142e+00 5.88409379e+00]
2025-08-15 01:08:09,918 - pyswarms.single.global_best - INFO - Optimize for 25 iters with {'w': 0.9, 'c1': 1.5, 'c2': 2.5}
2025-08-15 01:08:24,999 - pyswarms.single.global_best - INFO - Optimization finished | best cost: 0.42914709691210595, best pos: [1.60068647e+00 6.11731062e+02 5.89535912e+02 7.74639030e-01
 2.02808288e+02 8.85698965e+00 2.03855404e+00 4.97351653e+00
 4.86597158e+00 5.98944276e+01 4.61515250e+02 4.74838601e-01
 2.91692047e+02 5.22974877e+00 5.21714555e+00 3.19773816e+00]
2025-08-15 01:08:29,032 - pyswarms.single.global_best - INFO - Optimize for 25 iters with {'w': 0.9, 'c1': 1.5, 'c2': 2.5}
2025-08-15 01:08:45,182 - pyswarms.single.global_best - INFO - Optimization finished | best cost: 0.42255675302759665, best pos: [3.44858123e+00 9.77426989e+02 7.69738886e+02 6.58729249e-01
 2.76668984e+02 7.92818733e+00 2.18180138e+00 3.96360017e+00
 4.94157377e+00 6.11713867e+02 3.16569136e+02 7.08312891e-01
 2.43378118e+02 5.56758176e+00 6.27711065e+00 2.47656672e+00]
2025-08-15 01:08:49,376 - pyswarms.single.global_best - INFO - Optimize for 25 iters with {'w': 0.9, 'c1': 1.5, 'c2': 2.5}
2025-08-15 01:09:16,778 - pyswarms.single.global_best - INFO - Optimization finished | best cost: 0.41796647582115143, best pos: [3.46945919e+00 5.57756430e+02 5.71939593e+02 3.58708181e-01
 3.56164640e+02 3.25559664e+00 6.01970333e+00 3.76687705e+00
 4.76786123e+00 8.06299728e+02 4.43093184e+02 4.90610059e-01
 4.80268950e+02 2.98762457e+00 4.86827725e+00 2.23510196e+00]
2025-08-15 01:09:20,776 - pyswarms.single.global_best - INFO - Optimize for 25 iters with {'w': 0.9, 'c1': 1.5, 'c2': 2.5}
2025-08-15 01:09:36,613 - pyswarms.single.global_best - INFO - Optimization finished | best cost: 0.4082059539101196, best pos: [4.58812682e+00 4.54786542e+02 6.74875899e+02 2.10841859e-01
 1.34724229e+02 9.34428190e+00 4.79072433e+00 2.00193307e+00
 8.34576178e-02 5.87156354e+02 4.35181433e+02 8.25774582e-01
 4.79279905e+02 6.33112364e+00 6.19531055e+00 6.52476904e+00]
2025-08-15 01:09:40,504 - pyswarms.single.global_best - INFO - Optimize for 25 iters with {'w': 0.9, 'c1': 1.5, 'c2': 2.5}
2025-08-15 01:10:12,356 - pyswarms.single.global_best - INFO - Optimization finished | best cost: 0.4176981281399563, best pos: [3.49053873e+00 6.13052210e+02 2.98194877e+01 3.61215881e-01
 4.48593229e+02 8.42662121e+00 2.72669210e+00 8.35523577e+00
 1.60430594e+00 7.80427718e+02 2.41617636e+02 5.04360884e-01
 1.53438252e+02 6.08749277e+00 1.18437876e+00 4.45405045e+00
 2.11251048e-01 7.36404050e+02 8.98259775e+02 9.84445579e-01
 1.78543429e+02 7.77320860e+00 2.70930749e+00 6.90441651e+00
 4.38559501e-01 2.75098134e+02 4.56518015e+02 1.34739157e-01
 1.89798468e+02 3.54617379e+00 1.99458182e+00 5.38218783e+00
 8.29520400e-01 5.95598582e+02 5.56816813e+02 7.28562854e-01
 2.70882170e+02 5.02274558e+00 8.16637372e+00 5.88373877e+00
 8.47418821e-01 3.41895088e+02 9.29863462e+02 4.70381292e-01
 3.76276364e+02 9.03943524e+00 4.41049260e+00 6.71951091e+00]
2025-08-15 01:10:16,446 - pyswarms.single.global_best - INFO - Optimize for 25 iters with {'w': 0.9, 'c1': 1.5, 'c2': 2.5}
2025-08-15 01:10:30,529 - pyswarms.single.global_best - INFO - Optimization finished | best cost: 0.4094490926278974, best pos: [1.60068647e+00 6.11731062e+02 5.89535912e+02 7.74639030e-01
 2.02808288e+02 8.85698965e+00 2.03855404e+00 4.97351653e+00
 4.86597158e+00 5.98944276e+01 4.61515250e+02 4.74838601e-01
 2.91692047e+02 5.22974877e+00 5.21714555e+00 3.19773816e+00]
2025-08-15 01:10:34,672 - pyswarms.single.global_best - INFO - Optimize for 25 iters with {'w': 0.9, 'c1': 1.5, 'c2': 2.5}
2025-08-15 01:10:49,253 - pyswarms.single.global_best - INFO - Optimization finished | best cost: 0.416787676673656, best pos: [4.79265554e+00 7.88414802e+02 2.31533217e+02 9.49594610e-01
 4.67474293e+02 3.41356923e+00 5.49097064e+00 2.53510871e+00
 4.64631758e+00 1.34258054e+02 1.72103556e+02 2.67251357e-01
 1.00195588e+02 3.79592655e+00 3.71041602e+00 8.11529344e+00]
2025-08-15 01:10:53,034 - pyswarms.single.global_best - INFO - Optimize for 25 iters with {'w': 0.9, 'c1': 1.5, 'c2': 2.5}
2025-08-15 01:11:19,816 - pyswarms.single.global_best - INFO - Optimization finished | best cost: 0.44060809019724223, best pos: [3.96241605e-01 1.08881993e+02 5.83512107e+02 2.37982726e-01
 2.11145112e+02 4.26677602e+00 1.62644542e+00 3.46006824e+00
 4.59449693e+00 3.32719094e+01 5.34869575e+02 6.05801778e-01
 3.04797649e+02 5.02712422e+00 8.13025930e+00 2.29126524e+00]
2025-08-15 01:11:24,208 - pyswarms.single.global_best - INFO - Optimize for 25 iters with {'w': 0.9, 'c1': 1.5, 'c2': 2.5}
2025-08-15 01:11:58,887 - pyswarms.single.global_best - INFO - Optimization finished | best cost: 0.42172432178200436, best pos: [2.64227684e+00 6.66308847e+02 6.36822373e+02 4.65660736e-01
 1.63266710e+02 6.92902236e+00 6.69979959e+00 6.15928475e+00
 4.70788321e+00 8.34757596e+01 1.81380369e+02 1.35250280e-01
 1.34609851e+02 8.30128720e+00 8.48182537e+00 1.79001372e+00]
2025-08-15 01:12:02,881 - pyswarms.single.global_best - INFO - Optimize for 25 iters with {'w': 0.9, 'c1': 1.5, 'c2': 2.5}
2025-08-15 01:12:29,723 - pyswarms.single.global_best - INFO - Optimization finished | best cost: 0.5145821357247206, best pos: [2.33860308e+00 6.05896855e+02 4.28351858e+02 1.24395987e-01
 3.91967250e+02 2.08410580e+00 7.85700905e+00 9.03974044e+00
 2.16419961e+00 5.35542520e+02 4.76983445e+02 4.50287757e-01
 4.43824843e+02 9.15146809e+00 4.02234728e+00 6.53562779e+00
 4.63453781e+00 9.62058503e+02 5.08959090e+02 5.07542325e-01
 1.40068464e+02 9.67097499e+00 2.28532874e+00 6.21846618e+00
 1.41275134e+00 2.79008362e+02 4.04968647e+02 9.98913642e-01
 2.84281871e+01 6.62833455e+00 1.74314942e+00 2.39068747e+00
 2.19781471e+00 5.10460180e+02 2.58792482e+02 3.84811418e-01
 4.43965431e+01 4.42575827e+00 9.69902595e+00 9.50236644e+00
 1.67439145e+00 5.70853979e+02 9.09595400e+02 1.05565440e-01
 4.05531102e+02 9.58695642e+00 1.82193161e+00 2.45302917e+00
 4.80373151e+00 5.37540190e+02 1.41967331e+01 3.31868799e-01
 2.25521893e+02 7.54327129e+00 7.59844340e+00 9.95879362e+00
 1.43755600e+00 5.38220148e+02 5.33323595e+02 4.65080734e-01
 8.54117850e+01 9.81965251e+00 8.67985468e+00 5.48499725e+00
 3.01622711e+00 2.27261131e+02 5.43787116e+02 7.25473120e-01
 2.58068347e+02 9.92228136e+00 6.50207491e+00 4.33876341e+00]
2025-08-15 01:12:35,755 - pyswarms.single.global_best - INFO - Optimize for 25 iters with {'w': 0.9, 'c1': 1.5, 'c2': 2.5}
2025-08-15 01:12:55,740 - pyswarms.single.global_best - INFO - Optimization finished | best cost: 0.40735304521480553, best pos: [3.52681963e-01 5.87751039e+02 5.83916221e+02 6.56699798e-01
 3.08264964e+02 4.70867123e+00 1.92537509e+00 1.43613438e+00
 4.94068415e+00 5.04963285e+02 4.92271114e+02 1.66055406e-01
 4.83378549e+02 5.84782205e+00 5.72393128e+00 2.14296201e+00]
2025-08-15 01:13:00,007 - pyswarms.single.global_best - INFO - Optimize for 25 iters with {'w': 0.9, 'c1': 1.5, 'c2': 2.5}
2025-08-15 01:13:17,069 - pyswarms.single.global_best - INFO - Optimization finished | best cost: 0.42255675302759665, best pos: [3.12478703e+00 5.10146232e+02 7.33236917e+02 8.55782111e-01
 2.67656445e+02 9.24855480e+00 5.96784766e+00 4.67724818e+00
 4.84513198e+00 4.01359229e+02 7.66835958e+02 5.90951483e-01
 1.36231851e+01 5.89820049e+00 2.67871543e+00 1.99256206e+00]
2025-08-15 01:13:21,308 - pyswarms.single.global_best - INFO - Optimize for 25 iters with {'w': 0.9, 'c1': 1.5, 'c2': 2.5}
2025-08-15 01:13:40,687 - pyswarms.single.global_best - INFO - Optimization finished | best cost: 0.4257501547539948, best pos: [3.44466649e+00 4.97888555e+02 7.35448054e+02 6.92851584e-01
 1.93788594e+02 7.64545258e+00 7.38775562e+00 2.85536643e+00
 4.55317905e+00 1.61438764e+02 5.94246882e+02 7.48485622e-01
 1.87731495e+02 3.38075836e+00 5.32690042e+00 8.34468906e+00
 2.87005801e+00 5.68675315e+02 6.33092272e+02 6.89373526e-01
 3.54603285e+02 9.09620302e+00 4.25892861e+00 5.58982783e+00]
2025-08-15 01:13:44,793 - pyswarms.single.global_best - INFO - Optimize for 25 iters with {'w': 0.9, 'c1': 1.5, 'c2': 2.5}
2025-08-15 01:14:00,700 - pyswarms.single.global_best - INFO - Optimization finished | best cost: 0.3991733945104067, best pos: [4.51553676e+00 1.45639125e+02 8.43922255e+01 6.01329346e-01
 2.71674980e+02 5.91938499e+00 9.62862548e+00 3.38141172e+00
 4.07470418e-01 2.77559645e+02 4.40840980e+02 1.98147448e-01
 2.36324348e+02 9.07404510e+00 9.91640132e+00 4.77253864e+00]
2025-08-15 01:14:04,622 - pyswarms.single.global_best - INFO - Optimize for 25 iters with {'w': 0.9, 'c1': 1.5, 'c2': 2.5}
2025-08-15 01:14:27,463 - pyswarms.single.global_best - INFO - Optimization finished | best cost: 0.3975501710418726, best pos: [1.35593505e+00 9.13407488e+02 1.44052348e+02 6.79338308e-01
 1.00933015e+02 8.84096361e+00 1.13282135e+00 1.14917758e+00
 2.16571770e+00 5.29262259e+02 2.16183713e+02 2.10999324e-01
 6.70103143e+01 8.69108453e+00 7.66793658e+00 4.97725916e+00
 4.32922975e+00 4.61249706e+02 5.43876333e+02 9.60724217e-01
 4.74510289e+02 7.14947277e+00 2.10735813e+00 8.21566597e+00
 2.13277743e-01 6.37325526e+02 2.78369340e+02 3.12776093e-01
 3.31753852e+02 3.73092120e+00 5.63480091e+00 1.32041629e+00
 4.54772885e+00 7.00339108e+02 2.41088649e+02 3.00569372e-01
 5.39266123e+01 9.94852688e+00 6.38601728e+00 4.93501971e+00
 5.08188900e-01 3.51423227e+02 7.06541927e+01 2.88933451e-01
 1.13392447e+02 8.30800941e+00 4.64080703e+00 4.68113647e+00]
2025-08-15 01:14:31,711 - pyswarms.single.global_best - INFO - Optimize for 25 iters with {'w': 0.9, 'c1': 1.5, 'c2': 2.5}
2025-08-15 01:14:56,643 - pyswarms.single.global_best - INFO - Optimization finished | best cost: 0.3824890965711931, best pos: [4.73816973e+00 8.36911191e+02 7.06276706e+02 1.46208114e-01
 1.87052071e+02 7.92378955e+00 8.01683412e+00 2.11035165e+00
 1.58889222e-01 7.47167673e+02 4.82479712e+02 7.82144107e-01
 1.45604870e+02 7.74105057e+00 2.71408917e+00 9.55675532e+00]
2025-08-15 01:15:01,121 - pyswarms.single.global_best - INFO - Optimize for 25 iters with {'w': 0.9, 'c1': 1.5, 'c2': 2.5}
2025-08-15 01:15:18,515 - pyswarms.single.global_best - INFO - Optimization finished | best cost: 0.42887020375494767, best pos: [1.90906387e+00 4.23062774e+02 6.43132476e+02 6.92148431e-01
 3.24720556e+02 5.15660173e+00 6.35657754e+00 1.52402789e+00
 4.53607186e+00 2.46818871e+02 7.28688438e+02 6.07352308e-01
 1.38410949e+01 9.96714349e+00 4.66559543e+00 1.62542131e+00]
2025-08-15 01:15:22,733 - pyswarms.single.global_best - INFO - Optimize for 25 iters with {'w': 0.9, 'c1': 1.5, 'c2': 2.5}
2025-08-15 01:15:45,161 - pyswarms.single.global_best - INFO - Optimization finished | best cost: 0.4156306513745345, best pos: [4.86956214e+00 8.80839626e+02 7.49068365e+02 9.44139324e-01
 3.17349086e+02 8.06412332e+00 3.75548741e+00 2.25316773e+00
 4.70816147e-01 3.27870180e+02 8.45594884e+02 8.68396749e-01
 4.56836186e+02 5.29926601e+00 8.33793259e+00 2.41274428e+00]
2025-08-15 01:15:49,801 - pyswarms.single.global_best - INFO - Optimize for 25 iters with {'w': 0.9, 'c1': 1.5, 'c2': 2.5}
2025-08-15 01:16:18,177 - pyswarms.single.global_best - INFO - Optimization finished | best cost: 0.41712769921221027, best pos: [4.91975939e+00 8.10114942e+02 5.08956118e+02 7.65183834e-01
 4.52346271e+02 6.21594934e+00 8.01778181e+00 9.16690076e+00
 7.61754090e-04 2.49328854e+02 5.09667993e+02 6.98984894e-01
 3.77999897e+02 3.34636268e+00 7.63276174e+00 6.71348832e+00
 5.77458892e-02 2.44836973e+02 2.41161565e+02 4.18545789e-01
 9.44044711e+01 3.43780904e+00 5.58885459e+00 8.68820912e+00]
2025-08-15 01:16:22,429 - pyswarms.single.global_best - INFO - Optimize for 25 iters with {'w': 0.9, 'c1': 1.5, 'c2': 2.5}
2025-08-15 01:16:49,179 - pyswarms.single.global_best - INFO - Optimization finished | best cost: 0.5150888136285949, best pos: [2.33860308e+00 6.05896855e+02 4.28351858e+02 1.24395987e-01
 3.91967250e+02 2.08410580e+00 7.85700905e+00 9.03974044e+00
 2.16419961e+00 5.35542520e+02 4.76983445e+02 4.50287757e-01
 4.43824843e+02 9.15146809e+00 4.02234728e+00 6.53562779e+00
 4.63453781e+00 9.62058503e+02 5.08959090e+02 5.07542325e-01
 1.40068464e+02 9.67097499e+00 2.28532874e+00 6.21846618e+00
 1.41275134e+00 2.79008362e+02 4.04968647e+02 9.98913642e-01
 2.84281871e+01 6.62833455e+00 1.74314942e+00 2.39068747e+00
 2.19781471e+00 5.10460180e+02 2.58792482e+02 3.84811418e-01
 4.43965431e+01 4.42575827e+00 9.69902595e+00 9.50236644e+00
 1.67439145e+00 5.70853979e+02 9.09595400e+02 1.05565440e-01
 4.05531102e+02 9.58695642e+00 1.82193161e+00 2.45302917e+00
 4.80373151e+00 5.37540190e+02 1.41967331e+01 3.31868799e-01
 2.25521893e+02 7.54327129e+00 7.59844340e+00 9.95879362e+00
 1.43755600e+00 5.38220148e+02 5.33323595e+02 4.65080734e-01
 8.54117850e+01 9.81965251e+00 8.67985468e+00 5.48499725e+00
 3.01622711e+00 2.27261131e+02 5.43787116e+02 7.25473120e-01
 2.58068347e+02 9.92228136e+00 6.50207491e+00 4.33876341e+00]
2025-08-15 01:16:55,053 - pyswarms.single.global_best - INFO - Optimize for 25 iters with {'w': 0.9, 'c1': 1.5, 'c2': 2.5}
2025-08-15 01:17:16,649 - pyswarms.single.global_best - INFO - Optimization finished | best cost: 0.4349925105832142, best pos: [8.66151884e-01 7.66845950e+02 6.66372278e+02 8.98226986e-01
 2.14860829e+02 8.54060820e+00 7.35245450e+00 3.82148931e+00
 2.14036883e-01 3.31296241e+02 3.11707782e+02 1.63214715e-01
 1.90360457e+02 2.83572358e+00 3.38531820e+00 6.38020355e+00
 3.19031586e+00 2.56048334e+02 8.45804552e+02 5.87516855e-01
 3.94020932e+02 5.05009248e+00 5.90044594e+00 3.51942153e+00
 3.70401910e-01 8.54073941e+02 4.08852134e+02 1.76190155e-01
 4.87643507e+02 7.08759539e+00 6.66356347e+00 8.23591035e+00
 2.43609813e+00 1.38737514e+02 6.87052904e+02 9.52280468e-01
 3.68735602e+02 5.67405448e+00 1.32100185e+00 3.72987045e+00]
2025-08-15 01:17:20,629 - pyswarms.single.global_best - INFO - Optimize for 25 iters with {'w': 0.9, 'c1': 1.5, 'c2': 2.5}
2025-08-15 01:17:48,148 - pyswarms.single.global_best - INFO - Optimization finished | best cost: 0.3986527796756698, best pos: [3.21819079e+00 2.24812998e+02 8.34498567e+02 2.64516455e-01
 2.15351328e+02 4.71400788e+00 7.65810922e+00 6.87256633e+00
 1.18242512e-01 5.19993837e+02 7.27334784e+02 3.13885873e-01
 4.64254679e+02 9.56760117e+00 5.10810911e+00 3.59216397e+00
 4.77592846e-01 6.01110148e+02 4.58908188e+02 5.10439682e-01
 3.29345824e+02 7.48476869e+00 7.20406926e+00 7.41206947e+00
 2.69925547e+00 2.41782683e+02 2.55422345e+02 5.19928218e-01
 1.28597109e+02 5.36100144e+00 7.86108194e+00 7.26698105e+00
 1.93450963e+00 8.84880300e+01 5.21840292e+02 2.63968910e-01
 3.43530795e+02 7.98689206e+00 3.99918207e+00 4.27246695e+00]
2025-08-15 01:17:52,414 - pyswarms.single.global_best - INFO - Optimize for 25 iters with {'w': 0.9, 'c1': 1.5, 'c2': 2.5}
2025-08-15 01:18:30,329 - pyswarms.single.global_best - INFO - Optimization finished | best cost: 0.39026917546284445, best pos: [1.03866196e+00 2.46693528e+02 7.21482412e+02 6.88152617e-01
 8.13701640e+01 9.09664639e+00 6.07838298e+00 5.72423367e+00
 1.61131297e+00 6.98481210e+02 5.67342254e+02 7.01346736e-01
 2.90787614e+02 9.33776145e+00 3.07236908e+00 8.89432443e+00
 4.74692335e+00 4.21437832e+02 6.19137562e+02 2.71673526e-01
 2.76892442e+02 5.70468047e+00 3.13559320e+00 1.49452039e+00
 2.88400282e+00 8.33775113e+02 3.57009595e+02 7.46832144e-01
 1.65181135e+02 4.32698302e+00 4.79986248e+00 8.96515211e+00
 4.94650697e+00 4.10280454e+02 8.06063265e+02 2.45243819e-01
 1.84994820e+02 3.77370849e+00 8.18212759e+00 7.54051838e+00]
2025-08-15 01:18:34,506 - pyswarms.single.global_best - INFO - Optimize for 25 iters with {'w': 0.9, 'c1': 1.5, 'c2': 2.5}
2025-08-15 01:19:27,061 - pyswarms.single.global_best - INFO - Optimization finished | best cost: 0.3907833762384648, best pos: [4.32451337e+00 6.33118066e+02 4.91535403e+02 4.35707885e-01
 4.38368683e+02 6.07423663e+00 9.75204735e+00 1.60333135e+00
 2.01240719e-02 2.24712674e+02 5.94657572e+02 6.70154550e-01
 2.37402847e+02 6.03844019e+00 8.05146610e+00 2.49030648e+00
 2.48610441e+00 9.65706414e+02 5.37933330e+02 7.41596132e-01
 2.15147784e+02 4.42232956e+00 4.58487591e+00 7.25812004e+00
 4.79824027e+00 4.49891546e+02 4.22993863e+02 8.67468144e-01
 1.60303010e+02 3.66002251e+00 7.33859487e+00 1.13171472e+00
 2.67375881e+00 8.43892284e+02 7.77314301e+02 5.37660228e-01
 2.02821283e+02 9.70481399e+00 1.67041546e+00 4.73529890e+00]
2025-08-15 01:19:30,844 - pyswarms.single.global_best - INFO - Optimize for 25 iters with {'w': 0.9, 'c1': 1.5, 'c2': 2.5}
2025-08-15 01:20:04,671 - pyswarms.single.global_best - INFO - Optimization finished | best cost: 0.38865167601413597, best pos: [2.94444579e+00 6.00815067e+02 9.75473434e+02 7.35592163e-01
 3.52122254e+02 8.30081757e+00 9.60033139e+00 6.13980798e+00
 1.12090347e-01 7.05722536e+02 1.09145924e+02 1.25545826e-01
 2.59813277e+02 4.68413877e+00 8.43266396e+00 3.19547541e+00
 3.25612657e+00 8.82262374e+02 6.55670883e+02 3.18971978e-01
 3.61628337e+00 6.32837727e+00 6.11998365e+00 8.08331406e+00
 1.16941870e+00 6.25674905e+02 1.93881009e+02 8.03586288e-01
 8.19144208e+01 8.22326930e+00 2.40432463e+00 3.44098184e+00
 7.19433396e-01 7.78485999e+02 9.10914435e+02 9.28830053e-01
 1.33766499e+02 6.62701819e+00 1.51563540e+00 5.47914833e+00
 4.79566580e+00 3.39672916e+02 6.21644589e+02 1.86229052e-01
 4.07309991e+02 3.24968443e+00 5.27290876e+00 2.93850157e+00
 7.34239532e-01 3.51455937e+02 2.21905161e+02 4.57237487e-01
 1.61110076e+02 5.36889350e+00 3.99807523e+00 9.46273874e+00
 2.48246404e-01 7.08238389e+02 1.81988581e+02 2.23905493e-01
 2.78439104e+02 4.48067460e+00 4.17611532e+00 2.54864012e+00]
2025-08-15 01:20:08,915 - pyswarms.single.global_best - INFO - Optimize for 25 iters with {'w': 0.9, 'c1': 1.5, 'c2': 2.5}
2025-08-15 01:20:53,179 - pyswarms.single.global_best - INFO - Optimization finished | best cost: 0.4152182899975061, best pos: [1.58802968e+00 9.26298520e+02 9.10436736e+02 5.10143930e-01
 2.77606227e+02 7.47435510e+00 2.23781713e+00 1.03017624e+00
 4.92012353e-01 5.26202422e+01 7.11919889e+02 9.26923375e-01
 3.73167838e+01 2.42323456e+00 9.06335922e+00 8.48537687e+00
 3.69337797e+00 3.65365473e+02 8.13476186e+02 8.56417282e-01
 4.34633232e+02 8.66561889e+00 8.91558266e+00 6.55265637e+00
 4.89397543e+00 2.86954683e+02 8.09477940e+02 4.59035579e-01
 1.35815779e+02 5.22323659e+00 9.30568358e+00 9.92150923e+00
 4.88179168e+00 1.01479729e+01 3.99029369e+02 7.31453659e-01
 3.82909397e+02 2.65222278e+00 2.94472889e+00 1.00536116e+00]
2025-08-15 01:20:57,162 - pyswarms.single.global_best - INFO - Optimize for 25 iters with {'w': 0.9, 'c1': 1.5, 'c2': 2.5}
2025-08-15 01:21:35,802 - pyswarms.single.global_best - INFO - Optimization finished | best cost: 0.3964480473740125, best pos: [2.80237238e+00 6.81647164e+01 5.27651916e+02 7.30121543e-01
 1.85443001e+02 6.95898885e+00 8.24609877e+00 2.35055124e+00
 2.48367373e-01 7.00142179e+02 1.65786129e+02 3.87483623e-01
 2.59355404e+02 5.76880932e+00 8.56413112e+00 9.38853389e+00
 4.43886090e+00 9.86359527e+01 9.41404869e+02 6.44200626e-01
 1.59478425e+02 8.55354073e+00 1.16039172e+00 5.24616391e+00
 4.65277315e-01 5.53259091e+02 7.40563629e+02 1.06293092e-01
 4.56781633e+02 9.24390033e+00 6.66883796e+00 1.74560689e+00
 4.63745092e-01 8.37146174e+02 5.96347804e+02 5.01947142e-01
 9.74863791e+01 4.78529061e+00 2.84769730e+00 1.13687682e+00]
2025-08-15 01:21:39,743 - pyswarms.single.global_best - INFO - Optimize for 25 iters with {'w': 0.9, 'c1': 1.5, 'c2': 2.5}
2025-08-15 01:22:29,362 - pyswarms.single.global_best - INFO - Optimization finished | best cost: 0.4215334911070704, best pos: [4.58767149e+00 4.75789515e+02 5.02621174e+02 6.28051021e-01
 2.55417552e+02 9.35681158e+00 6.90721483e+00 2.83948707e+00
 4.88198652e+00 9.76553973e+02 1.60348981e+02 1.31914656e-01
 4.72443570e+02 7.42291173e+00 4.05472234e+00 1.06977194e+00
 2.82343814e+00 5.83996051e+02 6.72550653e+02 8.20024390e-01
 1.08390090e+02 4.48230526e+00 7.42620928e+00 8.30589473e+00
 2.48101112e+00 5.42654119e+02 3.89720312e+02 5.52791666e-01
 3.01481241e+02 9.65276129e+00 6.29040268e+00 5.08207979e+00
 3.26979151e-01 7.04322636e+02 2.86320894e+02 3.82746135e-01
 3.90182979e+01 4.35756271e+00 9.27824778e+00 8.25029690e+00]
2025-08-15 01:22:33,929 - pyswarms.single.global_best - INFO - Optimize for 25 iters with {'w': 0.9, 'c1': 1.5, 'c2': 2.5}
2025-08-15 01:23:13,878 - pyswarms.single.global_best - INFO - Optimization finished | best cost: 0.3825484260978024, best pos: [3.47234971e+00 3.30898615e+02 8.84275577e+02 2.74634193e-01
 2.87083111e+02 4.78335025e+00 4.72023588e+00 4.58748617e+00
 2.99542952e+00 1.31758183e+02 4.40793549e+02 8.58951990e-01
 3.79691971e+02 7.30791982e+00 6.89669261e+00 6.46472240e+00
 1.99571583e-01 7.82320841e+02 4.25686438e+02 9.95079091e-01
 4.19946575e+02 5.89209679e+00 3.31292079e+00 9.31131879e+00
 1.09855998e-01 2.96290611e+02 3.85395086e+02 3.83202632e-01
 3.45923811e+02 2.10673314e+00 1.82906251e+00 6.16979481e+00
 1.17701613e+00 2.81332889e+02 5.22884048e+02 8.19664775e-01
 1.53738179e+01 5.44034264e+00 1.00280414e+00 1.51458110e+00]
2025-08-15 01:23:17,927 - pyswarms.single.global_best - INFO - Optimize for 25 iters with {'w': 0.9, 'c1': 1.5, 'c2': 2.5}
2025-08-15 01:23:50,375 - pyswarms.single.global_best - INFO - Optimization finished | best cost: 0.41628752009773984, best pos: [1.08767223e-01 9.71196569e+02 4.26311421e+02 8.15775163e-01
 7.59596701e+01 9.11006334e+00 9.32134228e+00 7.63750313e+00
 2.38718760e+00 4.03125414e+02 1.26144872e+02 1.60094624e-01
 3.89899518e+02 9.54069208e+00 7.87888660e+00 3.42154106e+00
 1.16697371e+00 2.87937779e+02 7.42653471e+02 7.97270586e-01
 3.79647246e+02 8.98592170e+00 3.84141589e+00 6.37780058e+00
 1.53814426e+00 4.13831735e+02 8.22522767e+02 4.89322141e-01
 2.99665664e+01 7.41507667e+00 5.27393085e+00 4.80135703e+00
 2.07946652e-01 8.97362992e+01 7.75847207e+02 2.79686706e-01
 8.69149569e+01 3.43662963e+00 1.02745167e+00 9.95980354e+00]
2025-08-15 01:24:00,416 - pyswarms.single.global_best - INFO - Optimize for 25 iters with {'w': 0.9, 'c1': 1.5, 'c2': 2.5}
2025-08-15 01:24:13,663 - pyswarms.single.global_best - INFO - Optimization finished | best cost: 0.4876761177495931, best pos: [4.81756652e+00 7.39822077e+02 9.24838528e+02 4.38980956e-01
 9.38978341e+01 4.23626680e+00 1.82147316e+00 1.63157856e+00
 2.13344555e+00 5.57952983e+02 3.66976538e+02 9.65891767e-01
 4.34426035e+02 4.81118270e+00 4.59187305e+00 5.36054453e+00]
2025-08-15 01:24:13,707 - pyswarms.single.global_best - INFO - Optimize for 25 iters with {'w': 0.9, 'c1': 1.5, 'c2': 2.5}
2025-08-15 01:24:25,343 - pyswarms.single.global_best - INFO - Optimization finished | best cost: 0.46408795361630106, best pos: [4.85867803e+00 2.83408082e+02 3.60333587e+02 6.41522424e-01
 3.37977260e+02 8.90424554e+00 3.71606524e+00 1.92429310e+00
 2.23016491e+00 4.60922833e+02 2.66357529e+02 1.04953357e-01
 2.75908461e+02 6.12228971e+00 4.07074911e+00 5.52735956e+00]
2025-08-15 01:24:25,404 - pyswarms.single.global_best - INFO - Optimize for 25 iters with {'w': 0.9, 'c1': 1.5, 'c2': 2.5}
2025-08-15 01:24:39,680 - pyswarms.single.global_best - INFO - Optimization finished | best cost: 0.4835668234887438, best pos: [  4.87597725 553.62955154 571.11643061   0.90651338  24.50170126
   2.64683693   7.74879746   2.03137973   4.58307241 519.38965694
 225.69302108   0.81541401 149.78645336   9.0972591    1.81058969
   5.58619456]
2025-08-15 01:24:39,726 - pyswarms.single.global_best - INFO - Optimize for 25 iters with {'w': 0.9, 'c1': 1.5, 'c2': 2.5}
2025-08-15 01:24:52,262 - pyswarms.single.global_best - INFO - Optimization finished | best cost: 0.5057280647946176, best pos: [4.71085748e+00 4.58437010e+02 7.33891245e+02 4.54624542e-01
 2.42017309e+02 7.73186147e+00 1.18873350e+00 1.55490228e+00
 1.80082972e+00 4.82499405e+02 3.73716118e+02 6.39875362e-01
 4.70518634e+01 3.45953547e+00 6.89426984e+00 5.73228202e+00]
2025-08-15 01:24:52,318 - pyswarms.single.global_best - INFO - Optimize for 25 iters with {'w': 0.9, 'c1': 1.5, 'c2': 2.5}
2025-08-15 01:25:03,900 - pyswarms.single.global_best - INFO - Optimization finished | best cost: 0.4727984387341937, best pos: [4.85614405e+00 7.36804804e+02 6.17806526e+02 5.72935505e-01
 1.89924859e+02 9.42757954e+00 8.62550561e+00 1.91102154e+00
 2.16884315e+00 4.24469494e+02 6.97139448e+02 1.50955324e-01
 1.74944758e+02 9.54124499e+00 1.47583502e+00 6.52444910e+00]
2025-08-15 01:25:03,945 - pyswarms.single.global_best - INFO - Optimize for 25 iters with {'w': 0.9, 'c1': 1.5, 'c2': 2.5}
2025-08-15 01:25:15,595 - pyswarms.single.global_best - INFO - Optimization finished | best cost: 0.47708061711306593, best pos: [4.85614405e+00 7.36804804e+02 6.17806526e+02 5.72935505e-01
 1.89924859e+02 9.42757954e+00 8.62550561e+00 1.91102154e+00
 2.16884315e+00 4.24469494e+02 6.97139448e+02 1.50955324e-01
 1.74944758e+02 9.54124499e+00 1.47583502e+00 6.52444910e+00]
2025-08-15 01:25:15,643 - pyswarms.single.global_best - INFO - Optimize for 25 iters with {'w': 0.9, 'c1': 1.5, 'c2': 2.5}
2025-08-15 01:25:28,236 - pyswarms.single.global_best - INFO - Optimization finished | best cost: 0.48384851283397334, best pos: [4.76467708e+00 4.65759887e+02 8.90242198e+02 4.12046939e-01
 8.46745213e+01 8.50817636e+00 9.53805199e+00 2.89855839e+00
 2.03301798e+00 5.63250125e+02 9.42047558e+02 1.49925478e-01
 4.84177703e+02 9.83247614e+00 6.87164104e+00 5.91286122e+00]
2025-08-15 01:25:28,286 - pyswarms.single.global_best - INFO - Optimize for 25 iters with {'w': 0.9, 'c1': 1.5, 'c2': 2.5}
2025-08-15 01:25:40,133 - pyswarms.single.global_best - INFO - Optimization finished | best cost: 0.46124396370360254, best pos: [4.99225372e+00 6.08642186e+02 7.06344348e+02 8.85237289e-01
 3.30944480e+02 7.02086589e+00 2.81737590e+00 1.92528259e+00
 2.40360038e+00 5.36080368e+02 8.97129162e+00 2.47044548e-01
 7.71509923e+01 4.88205179e+00 5.11421804e+00 6.45842705e+00]
2025-08-15 01:25:40,183 - pyswarms.single.global_best - INFO - Optimize for 25 iters with {'w': 0.9, 'c1': 1.5, 'c2': 2.5}
2025-08-15 01:26:06,264 - pyswarms.single.global_best - INFO - Optimization finished | best cost: 0.5184196648939297, best pos: [4.72283593e+00 4.41220057e+02 4.65751613e+02 9.17948986e-01
 3.22562181e+02 5.48178486e+00 2.54342732e+00 5.47408692e+00
 3.45003877e-01 6.38584398e+02 5.41762913e+02 4.77041005e-01
 4.22864570e+02 6.92709673e+00 5.85961250e+00 7.42465336e+00]
2025-08-15 01:26:06,321 - pyswarms.single.global_best - INFO - Optimize for 25 iters with {'w': 0.9, 'c1': 1.5, 'c2': 2.5}
2025-08-15 01:26:31,960 - pyswarms.single.global_best - INFO - Optimization finished | best cost: 0.4820435647767056, best pos: [1.87107968e+00 5.98899635e+02 7.14448670e+02 6.99829888e-01
 1.75484526e+02 5.75420117e+00 8.78989971e+00 4.13230803e+00
 4.71801301e+00 3.22776520e+02 8.14018629e+02 3.53316850e-01
 2.39390121e+02 7.45483065e+00 3.71459968e+00 1.71693671e+00]
